Determining if the pthread_create exist failed with the following output:
Change Dir: /home/hewhosurvives/c++/randomProjects/ros/catkin_ws/src/ardrone_application_node/CMakeFiles/CMakeTmp

Run Build Command:/usr/bin/make "cmTryCompileExec2642531427/fast"
/usr/bin/make -f CMakeFiles/cmTryCompileExec2642531427.dir/build.make CMakeFiles/cmTryCompileExec2642531427.dir/build
make[1]: Entering directory `/home/hewhosurvives/c++/randomProjects/ros/catkin_ws/src/ardrone_application_node/CMakeFiles/CMakeTmp'
/usr/bin/cmake -E cmake_progress_report /home/hewhosurvives/c++/randomProjects/ros/catkin_ws/src/ardrone_application_node/CMakeFiles/CMakeTmp/CMakeFiles 1
Building C object CMakeFiles/cmTryCompileExec2642531427.dir/CheckSymbolExists.c.o
/usr/bin/cc    -o CMakeFiles/cmTryCompileExec2642531427.dir/CheckSymbolExists.c.o   -c /home/hewhosurvives/c++/randomProjects/ros/catkin_ws/src/ardrone_application_node/CMakeFiles/CMakeTmp/CheckSymbolExists.c
Linking C executable cmTryCompileExec2642531427
/usr/bin/cmake -E cmake_link_script CMakeFiles/cmTryCompileExec2642531427.dir/link.txt --verbose=1
/usr/bin/cc       CMakeFiles/cmTryCompileExec2642531427.dir/CheckSymbolExists.c.o  -o cmTryCompileExec2642531427 -rdynamic 
CMakeFiles/cmTryCompileExec2642531427.dir/CheckSymbolExists.c.o: In function `main':
CheckSymbolExists.c:(.text+0x16): undefined reference to `pthread_create'
collect2: error: ld returned 1 exit status
make[1]: *** [cmTryCompileExec2642531427] Error 1
make[1]: Leaving directory `/home/hewhosurvives/c++/randomProjects/ros/catkin_ws/src/ardrone_application_node/CMakeFiles/CMakeTmp'
make: *** [cmTryCompileExec2642531427/fast] Error 2

File /home/hewhosurvives/c++/randomProjects/ros/catkin_ws/src/ardrone_application_node/CMakeFiles/CMakeTmp/CheckSymbolExists.c:
/* */
#include <pthread.h>

int main(int argc, char** argv)
{
  (void)argv;
#ifndef pthread_create
  return ((int*)(&pthread_create))[argc];
#else
  (void)argc;
  return 0;
#endif
}

Determining if the function pthread_create exists in the pthreads failed with the following output:
Change Dir: /home/hewhosurvives/c++/randomProjects/ros/catkin_ws/src/ardrone_application_node/CMakeFiles/CMakeTmp

Run Build Command:/usr/bin/make "cmTryCompileExec420580103/fast"
/usr/bin/make -f CMakeFiles/cmTryCompileExec420580103.dir/build.make CMakeFiles/cmTryCompileExec420580103.dir/build
make[1]: Entering directory `/home/hewhosurvives/c++/randomProjects/ros/catkin_ws/src/ardrone_application_node/CMakeFiles/CMakeTmp'
/usr/bin/cmake -E cmake_progress_report /home/hewhosurvives/c++/randomProjects/ros/catkin_ws/src/ardrone_application_node/CMakeFiles/CMakeTmp/CMakeFiles 1
Building C object CMakeFiles/cmTryCompileExec420580103.dir/CheckFunctionExists.c.o
/usr/bin/cc   -DCHECK_FUNCTION_EXISTS=pthread_create   -o CMakeFiles/cmTryCompileExec420580103.dir/CheckFunctionExists.c.o   -c /usr/share/cmake-2.8/Modules/CheckFunctionExists.c
Linking C executable cmTryCompileExec420580103
/usr/bin/cmake -E cmake_link_script CMakeFiles/cmTryCompileExec420580103.dir/link.txt --verbose=1
/usr/bin/cc   -DCHECK_FUNCTION_EXISTS=pthread_create    CMakeFiles/cmTryCompileExec420580103.dir/CheckFunctionExists.c.o  -o cmTryCompileExec420580103 -rdynamic -lpthreads 
/usr/bin/ld: cannot find -lpthreads
collect2: error: ld returned 1 exit status
make[1]: *** [cmTryCompileExec420580103] Error 1
make[1]: Leaving directory `/home/hewhosurvives/c++/randomProjects/ros/catkin_ws/src/ardrone_application_node/CMakeFiles/CMakeTmp'
make: *** [cmTryCompileExec420580103/fast] Error 2


Determining if the pthread_create exist failed with the following output:
Change Dir: /home/hewhosurvives/c++/randomProjects/ros/catkin_ws/src/ardrone_command/CMakeFiles/CMakeTmp

Run Build Command:/usr/bin/make "cmTryCompileExec167716737/fast"
/usr/bin/make -f CMakeFiles/cmTryCompileExec167716737.dir/build.make CMakeFiles/cmTryCompileExec167716737.dir/build
make[1]: Entering directory `/home/hewhosurvives/c++/randomProjects/ros/catkin_ws/src/ardrone_command/CMakeFiles/CMakeTmp'
/usr/bin/cmake -E cmake_progress_report /home/hewhosurvives/c++/randomProjects/ros/catkin_ws/src/ardrone_command/CMakeFiles/CMakeTmp/CMakeFiles 1
Building C object CMakeFiles/cmTryCompileExec167716737.dir/CheckSymbolExists.c.o
/usr/bin/cc    -o CMakeFiles/cmTryCompileExec167716737.dir/CheckSymbolExists.c.o   -c /home/hewhosurvives/c++/randomProjects/ros/catkin_ws/src/ardrone_command/CMakeFiles/CMakeTmp/CheckSymbolExists.c
Linking C executable cmTryCompileExec167716737
/usr/bin/cmake -E cmake_link_script CMakeFiles/cmTryCompileExec167716737.dir/link.txt --verbose=1
/usr/bin/cc       CMakeFiles/cmTryCompileExec167716737.dir/CheckSymbolExists.c.o  -o cmTryCompileExec167716737 -rdynamic 
CMakeFiles/cmTryCompileExec167716737.dir/CheckSymbolExists.c.o: In function `main':
CheckSymbolExists.c:(.text+0x16): undefined reference to `pthread_create'
collect2: error: ld returned 1 exit status
make[1]: *** [cmTryCompileExec167716737] Error 1
make[1]: Leaving directory `/home/hewhosurvives/c++/randomProjects/ros/catkin_ws/src/ardrone_command/CMakeFiles/CMakeTmp'
make: *** [cmTryCompileExec167716737/fast] Error 2

File /home/hewhosurvives/c++/randomProjects/ros/catkin_ws/src/ardrone_command/CMakeFiles/CMakeTmp/CheckSymbolExists.c:
/* */
#include <pthread.h>

int main(int argc, char** argv)
{
  (void)argv;
#ifndef pthread_create
  return ((int*)(&pthread_create))[argc];
#else
  (void)argc;
  return 0;
#endif
}

Determining if the function pthread_create exists in the pthreads failed with the following output:
Change Dir: /home/hewhosurvives/c++/randomProjects/ros/catkin_ws/src/ardrone_command/CMakeFiles/CMakeTmp

Run Build Command:/usr/bin/make "cmTryCompileExec1735770128/fast"
/usr/bin/make -f CMakeFiles/cmTryCompileExec1735770128.dir/build.make CMakeFiles/cmTryCompileExec1735770128.dir/build
make[1]: Entering directory `/home/hewhosurvives/c++/randomProjects/ros/catkin_ws/src/ardrone_command/CMakeFiles/CMakeTmp'
/usr/bin/cmake -E cmake_progress_report /home/hewhosurvives/c++/randomProjects/ros/catkin_ws/src/ardrone_command/CMakeFiles/CMakeTmp/CMakeFiles 1
Building C object CMakeFiles/cmTryCompileExec1735770128.dir/CheckFunctionExists.c.o
/usr/bin/cc   -DCHECK_FUNCTION_EXISTS=pthread_create   -o CMakeFiles/cmTryCompileExec1735770128.dir/CheckFunctionExists.c.o   -c /usr/share/cmake-2.8/Modules/CheckFunctionExists.c
Linking C executable cmTryCompileExec1735770128
/usr/bin/cmake -E cmake_link_script CMakeFiles/cmTryCompileExec1735770128.dir/link.txt --verbose=1
/usr/bin/cc   -DCHECK_FUNCTION_EXISTS=pthread_create    CMakeFiles/cmTryCompileExec1735770128.dir/CheckFunctionExists.c.o  -o cmTryCompileExec1735770128 -rdynamic -lpthreads 
/usr/bin/ld: cannot find -lpthreads
collect2: error: ld returned 1 exit status
make[1]: *** [cmTryCompileExec1735770128] Error 1
make[1]: Leaving directory `/home/hewhosurvives/c++/randomProjects/ros/catkin_ws/src/ardrone_command/CMakeFiles/CMakeTmp'
make: *** [cmTryCompileExec1735770128/fast] Error 2


